{
  "RSpec": {
    "coverage": {
      "/home/hp/.rbenv/projects/CSCE606-leetplanner-2.0/app/helpers/application_helper.rb": {
        "lines": [
          null,
          null,
          1,
          null,
          null,
          null
        ]
      },
      "/home/hp/.rbenv/projects/CSCE606-leetplanner-2.0/app/helpers/calendar_helper.rb": {
        "lines": [
          null,
          null,
          1,
          null,
          null,
          null
        ]
      },
      "/home/hp/.rbenv/projects/CSCE606-leetplanner-2.0/app/helpers/dashboard_helper.rb": {
        "lines": [
          null,
          null,
          1,
          null,
          null,
          null
        ]
      },
      "/home/hp/.rbenv/projects/CSCE606-leetplanner-2.0/app/helpers/home_helper.rb": {
        "lines": [
          null,
          null,
          1,
          null,
          null,
          null
        ]
      },
      "/home/hp/.rbenv/projects/CSCE606-leetplanner-2.0/app/helpers/leet_code_problems_helper.rb": {
        "lines": [
          null,
          null,
          1,
          null,
          null,
          null
        ]
      },
      "/home/hp/.rbenv/projects/CSCE606-leetplanner-2.0/app/helpers/leet_code_session_problems_helper.rb": {
        "lines": [
          null,
          null,
          1,
          null,
          null,
          null
        ]
      },
      "/home/hp/.rbenv/projects/CSCE606-leetplanner-2.0/app/helpers/leet_code_sessions_helper.rb": {
        "lines": [
          null,
          null,
          1,
          null,
          null,
          null
        ]
      },
      "/home/hp/.rbenv/projects/CSCE606-leetplanner-2.0/app/helpers/login_helper.rb": {
        "lines": [
          null,
          null,
          1,
          null,
          null,
          null
        ]
      },
      "/home/hp/.rbenv/projects/CSCE606-leetplanner-2.0/app/helpers/sessions_helper.rb": {
        "lines": [
          null,
          null,
          1,
          null,
          null,
          null
        ]
      },
      "/home/hp/.rbenv/projects/CSCE606-leetplanner-2.0/app/helpers/users_helper.rb": {
        "lines": [
          null,
          null,
          1,
          null,
          null,
          null
        ]
      },
      "/home/hp/.rbenv/projects/CSCE606-leetplanner-2.0/app/controllers/api/calendar_controller.rb": {
        "lines": [
          null,
          1,
          1,
          null,
          null,
          1,
          null,
          null,
          1,
          null,
          1,
          null,
          null,
          null,
          1,
          null,
          5,
          1,
          1,
          null,
          null,
          null,
          4,
          null,
          null,
          4,
          4,
          4,
          null,
          null,
          null,
          4,
          null,
          null,
          null,
          null,
          null,
          null,
          null,
          null,
          null,
          2,
          null,
          2,
          null,
          null,
          null,
          null,
          null,
          null,
          null,
          null,
          null,
          2,
          null,
          null,
          1,
          1,
          null,
          null,
          1,
          1,
          null,
          null,
          null,
          null,
          null,
          1,
          null,
          9,
          null,
          null,
          7,
          null,
          null,
          7,
          null,
          null,
          7,
          7,
          7,
          7,
          7,
          null,
          null,
          7,
          null,
          1,
          null,
          null,
          null,
          1,
          null,
          null,
          null,
          null,
          null,
          6,
          6,
          null,
          null,
          null,
          null,
          null,
          6,
          6,
          0,
          null,
          6,
          null,
          6,
          null,
          null,
          null,
          null,
          null,
          null,
          7,
          null,
          null,
          null,
          null,
          null,
          null,
          null,
          null,
          null,
          7,
          null,
          null,
          null,
          5,
          1,
          null,
          4,
          null,
          null,
          5,
          1,
          null,
          4,
          null,
          null,
          null,
          5,
          null,
          null,
          5,
          null,
          null,
          null,
          null,
          null,
          null,
          5,
          5,
          null,
          0,
          null,
          null,
          null,
          null,
          null,
          5,
          9,
          6,
          null,
          null,
          null,
          2,
          2,
          2,
          3,
          3,
          null,
          null,
          null,
          null,
          null,
          null,
          1,
          null,
          5,
          null,
          null,
          5,
          null,
          null,
          5,
          null,
          null,
          5,
          null,
          null,
          5,
          null,
          null,
          5,
          5,
          5,
          null,
          null,
          5,
          5,
          null,
          5,
          null,
          1,
          1,
          null,
          null,
          1,
          null,
          null,
          null,
          null,
          4,
          3,
          1,
          1,
          null,
          0,
          null,
          null,
          null,
          4,
          null,
          null,
          null,
          null,
          null,
          4,
          0,
          0,
          null,
          null,
          null,
          null,
          4,
          4,
          null,
          null,
          null,
          null,
          null,
          null,
          null,
          5,
          null,
          null,
          4,
          7,
          5,
          null,
          null,
          null,
          1,
          1,
          2,
          1,
          null,
          null,
          null,
          null,
          null,
          1,
          null,
          2,
          null,
          null,
          2,
          null,
          null,
          1,
          2,
          null,
          null,
          null,
          1,
          1,
          2,
          null,
          null,
          null,
          1,
          null,
          null,
          1,
          null,
          17,
          17,
          null,
          null,
          3,
          3,
          5,
          4,
          null,
          null,
          null,
          null,
          null,
          1,
          null,
          22,
          1,
          1,
          null,
          null,
          null,
          21,
          null,
          null,
          null,
          null,
          null,
          null,
          null,
          null,
          null,
          21,
          20,
          20,
          3,
          2,
          2,
          2,
          null,
          null,
          null,
          1,
          1,
          1,
          null,
          null,
          null,
          1,
          1,
          1,
          1,
          null,
          null,
          null,
          20,
          20,
          null,
          null,
          20,
          20,
          20,
          null,
          null,
          null,
          null,
          1,
          6,
          null,
          null,
          4,
          2,
          2,
          null,
          null,
          null,
          2,
          2,
          null,
          null,
          null,
          null,
          null,
          null,
          1,
          null,
          4,
          null,
          null,
          null,
          null,
          null,
          null,
          null,
          null,
          null
        ]
      },
      "/home/hp/.rbenv/projects/CSCE606-leetplanner-2.0/app/controllers/application_controller.rb": {
        "lines": [
          null,
          null,
          1,
          null,
          1,
          null,
          null,
          1,
          null,
          null,
          1,
          null,
          1,
          null,
          null,
          null,
          1,
          59,
          8,
          null,
          0,
          null,
          null,
          8,
          8,
          null,
          null,
          null,
          null,
          null,
          null,
          1,
          19,
          null,
          null,
          null,
          1,
          null,
          null,
          1,
          6,
          null,
          null,
          null,
          1,
          null
        ]
      },
      "/home/hp/.rbenv/projects/CSCE606-leetplanner-2.0/app/controllers/api/users_controller.rb": {
        "lines": [
          1,
          1,
          1,
          3,
          3,
          null,
          null,
          null,
          null,
          null,
          null,
          null,
          null,
          0,
          null,
          null,
          null,
          null
        ]
      },
      "/home/hp/.rbenv/projects/CSCE606-leetplanner-2.0/app/controllers/calendar_controller.rb": {
        "lines": [
          null,
          1,
          1,
          null,
          null,
          null,
          1,
          null,
          1,
          null,
          null,
          null,
          1,
          8,
          8,
          null,
          null,
          null,
          5,
          null,
          1,
          null,
          null,
          null,
          5,
          5,
          null,
          null,
          null,
          5,
          null,
          null,
          4,
          null,
          2,
          null,
          2,
          null,
          1,
          1,
          null,
          null,
          1,
          1,
          null,
          null,
          null,
          null,
          2,
          null,
          null,
          null,
          null,
          null,
          null,
          null,
          null,
          1,
          1,
          1,
          null,
          null,
          null,
          null,
          null,
          1,
          null,
          2,
          null,
          2,
          null,
          1,
          null,
          null,
          null,
          1,
          null,
          null,
          1,
          null,
          null,
          null,
          2,
          null,
          null,
          null,
          null,
          1,
          1,
          null,
          null,
          null,
          null,
          1,
          null,
          3,
          null,
          null,
          null,
          3,
          2,
          null,
          null,
          2,
          1,
          null,
          1,
          null,
          null,
          null,
          2,
          1,
          null,
          1,
          null,
          null,
          null,
          null,
          2,
          null,
          null,
          null,
          null,
          null,
          null,
          null,
          null,
          null,
          1,
          1,
          null,
          null,
          null,
          1,
          null,
          null,
          null,
          1,
          null,
          11,
          2,
          2,
          null,
          null,
          null,
          9,
          null,
          2,
          null,
          null,
          null,
          null,
          null,
          null,
          null,
          null,
          2,
          null,
          null,
          1,
          null,
          null,
          null,
          null,
          null,
          null,
          null,
          1,
          1,
          1,
          1,
          null,
          null,
          null,
          null,
          8,
          null,
          null,
          null,
          null,
          null,
          null,
          null,
          8,
          8,
          8,
          null,
          null,
          null,
          null,
          1,
          4,
          3,
          null,
          null
        ]
      },
      "/home/hp/.rbenv/projects/CSCE606-leetplanner-2.0/app/controllers/dashboard_controller.rb": {
        "lines": [
          null,
          null,
          1,
          null,
          1,
          1,
          1,
          null,
          null,
          null,
          1,
          null,
          7,
          7,
          7,
          7,
          7,
          null,
          null,
          7,
          null,
          null,
          null,
          6,
          6,
          null,
          null,
          null,
          null,
          null,
          null,
          null,
          null,
          null,
          6,
          null,
          6,
          null,
          null,
          null,
          null,
          6,
          6,
          null,
          null,
          null,
          4,
          null,
          2,
          1,
          null,
          null,
          2,
          1,
          null,
          null,
          2,
          null,
          null,
          null,
          4,
          2,
          null,
          null,
          2,
          null,
          1,
          1,
          null,
          1,
          null,
          null,
          null,
          2,
          2,
          2,
          2,
          null,
          null,
          2,
          2,
          2,
          null,
          2,
          2,
          null,
          2,
          null,
          2,
          null,
          2,
          null,
          1,
          1,
          null,
          null,
          1,
          1,
          1,
          1,
          1,
          null,
          null,
          null,
          1,
          1,
          null,
          null,
          1,
          null,
          null,
          null,
          null,
          null,
          1,
          3,
          3,
          null,
          2,
          null,
          null,
          3,
          null,
          null
        ]
      },
      "/home/hp/.rbenv/projects/CSCE606-leetplanner-2.0/app/controllers/leet_code_problems_controller.rb": {
        "lines": [
          null,
          null,
          1,
          null,
          null,
          1,
          null,
          null,
          null,
          8,
          105,
          null,
          null,
          null,
          null,
          null,
          7,
          null,
          null,
          7,
          2,
          null,
          null,
          null,
          7,
          null,
          3,
          3,
          null,
          null,
          3,
          5,
          null,
          null,
          null,
          null,
          7,
          null,
          null,
          null,
          1,
          1,
          1,
          1,
          null,
          null,
          null
        ]
      },
      "/home/hp/.rbenv/projects/CSCE606-leetplanner-2.0/app/controllers/leet_code_sessions_controller.rb": {
        "lines": [
          null,
          1,
          null,
          null,
          null,
          1,
          null,
          1,
          null,
          null,
          null,
          1,
          null,
          9,
          7,
          null,
          null,
          6,
          null,
          null,
          null,
          null,
          null,
          null,
          6,
          null,
          null,
          6,
          6,
          null,
          null,
          null,
          2,
          2,
          null,
          null,
          1,
          1,
          null,
          null,
          1,
          null,
          null,
          1,
          null,
          11,
          11,
          null,
          7,
          7,
          null,
          null,
          null,
          7,
          null,
          null,
          6,
          null,
          null,
          null,
          null,
          null,
          null,
          6,
          6,
          6,
          null,
          null,
          null,
          1,
          null,
          null,
          0,
          null,
          null,
          null,
          null,
          null,
          1,
          null,
          6,
          null,
          null,
          5,
          5,
          null,
          null,
          5,
          null,
          null,
          null,
          null,
          null,
          null,
          null,
          null,
          5,
          null,
          4,
          null,
          3,
          null,
          null,
          null,
          null,
          null,
          1,
          1,
          null,
          null,
          null,
          null,
          4,
          4,
          null,
          null
        ]
      },
      "/home/hp/.rbenv/projects/CSCE606-leetplanner-2.0/app/controllers/sessions_controller.rb": {
        "lines": [
          null,
          null,
          1,
          null,
          1,
          null,
          1,
          null,
          null,
          null,
          1,
          1,
          null,
          null,
          null,
          null,
          1,
          null,
          6,
          6,
          null,
          null,
          5,
          5,
          null,
          5,
          5,
          5,
          null,
          null,
          5,
          5,
          5,
          1,
          null,
          null,
          null,
          4,
          null,
          null,
          4,
          3,
          3,
          3,
          3,
          3,
          null,
          null,
          3,
          null,
          null,
          3,
          2,
          null,
          null,
          null,
          3,
          3,
          null,
          null,
          3,
          null,
          null,
          3,
          3,
          3,
          3,
          3,
          3,
          null,
          null,
          3,
          3,
          null,
          null,
          3,
          null,
          null,
          null,
          1,
          1,
          null,
          null,
          null,
          null,
          1,
          2,
          null,
          null,
          null,
          null,
          1,
          null,
          3,
          null,
          null,
          null,
          null,
          null,
          null,
          3,
          null,
          null,
          3,
          5,
          4,
          null,
          null,
          null
        ]
      },
      "/home/hp/.rbenv/projects/CSCE606-leetplanner-2.0/app/controllers/concerns/google_calendar_auto_sync.rb": {
        "lines": [
          null,
          null,
          null,
          1,
          1,
          null,
          null,
          1,
          null,
          null,
          1,
          null,
          null,
          1,
          null,
          null,
          null,
          1,
          null,
          3,
          3,
          null,
          null,
          null,
          3,
          null,
          null,
          3,
          null,
          null,
          null,
          null,
          1,
          3,
          3,
          null,
          null,
          0,
          null,
          null,
          null,
          null,
          1,
          null,
          3,
          null,
          null,
          null,
          null,
          null
        ]
      },
      "/home/hp/.rbenv/projects/CSCE606-leetplanner-2.0/app/controllers/statistics_controller.rb": {
        "lines": [
          null,
          null,
          null,
          null,
          1,
          null,
          1,
          null,
          null,
          null,
          1,
          null,
          6,
          null,
          null,
          null,
          null,
          6,
          null,
          null,
          null,
          null,
          null,
          null,
          null,
          6,
          null,
          null,
          null,
          null
        ]
      },
      "/home/hp/.rbenv/projects/CSCE606-leetplanner-2.0/app/controllers/users_controller.rb": {
        "lines": [
          null,
          null,
          1,
          null,
          1,
          null,
          null,
          1,
          null,
          null,
          null,
          1,
          null,
          null,
          null,
          null,
          null,
          1,
          5,
          null,
          3,
          1,
          null,
          null,
          null,
          1,
          null,
          1,
          1,
          1,
          null,
          null,
          null,
          null,
          null,
          null,
          null,
          1,
          3,
          3,
          null,
          2,
          1,
          null,
          null,
          2,
          1,
          null,
          null,
          null,
          null,
          1,
          null,
          null,
          1,
          5,
          null,
          null,
          null,
          null,
          1,
          6,
          null,
          null
        ]
      },
      "/home/hp/.rbenv/projects/CSCE606-leetplanner-2.0/app/jobs/google_calendar_sync_job.rb": {
        "lines": [
          null,
          null,
          1,
          null,
          1,
          null,
          null,
          null,
          null,
          1,
          null,
          4,
          null,
          null,
          null,
          null,
          3,
          null,
          null,
          null,
          null,
          null,
          3,
          null,
          null,
          3,
          2,
          null,
          1,
          null,
          null,
          null
        ]
      },
      "/home/hp/.rbenv/projects/CSCE606-leetplanner-2.0/app/jobs/application_job.rb": {
        "lines": [
          null,
          null,
          1,
          null,
          null,
          null,
          null,
          null,
          null,
          null,
          null
        ]
      },
      "/home/hp/.rbenv/projects/CSCE606-leetplanner-2.0/lib/tasks/cucumber.rake": {
        "lines": [
          null,
          null,
          null,
          null,
          null,
          null,
          null,
          1,
          null,
          1,
          1,
          null,
          null,
          1,
          null,
          1,
          1,
          1,
          1,
          1,
          null,
          null,
          1,
          1,
          1,
          1,
          null,
          null,
          1,
          1,
          1,
          1,
          null,
          null,
          1,
          1,
          null,
          1,
          0,
          0,
          0,
          null,
          null,
          null,
          1,
          1,
          null,
          1,
          null,
          1,
          0,
          null,
          null,
          null,
          1,
          null,
          null,
          1,
          null,
          null,
          null,
          0,
          0,
          0,
          null,
          null,
          null,
          null
        ]
      },
      "/home/hp/.rbenv/projects/CSCE606-leetplanner-2.0/lib/tasks/seed_leetcode_problems.rake": {
        "lines": [
          null,
          null,
          null,
          null,
          null,
          1,
          1,
          1,
          6,
          6,
          6,
          null,
          6,
          6,
          6,
          null,
          6,
          1,
          1,
          null,
          null,
          5,
          5,
          null,
          5,
          5,
          null,
          null,
          206,
          206,
          null,
          206,
          1,
          1,
          null,
          null,
          205,
          null,
          null,
          205,
          205,
          205,
          205,
          205,
          205,
          615,
          null,
          null,
          205,
          205,
          null,
          null,
          null,
          null,
          null,
          null,
          null,
          null,
          205,
          205,
          null,
          null,
          0,
          0,
          null,
          null,
          null,
          5,
          null,
          null
        ]
      },
      "/home/hp/.rbenv/projects/CSCE606-leetplanner-2.0/lib/tasks/weekly_report.rake": {
        "lines": [
          null,
          null,
          null,
          null,
          null,
          1,
          1,
          1,
          null,
          3,
          0,
          0,
          null,
          null,
          3,
          null,
          3,
          null,
          3,
          3,
          null,
          3,
          null,
          3,
          3,
          3,
          2,
          0,
          null,
          2,
          null,
          2,
          null,
          0,
          null,
          null,
          1,
          null,
          null,
          null,
          3,
          null,
          null
        ]
      },
      "/home/hp/.rbenv/projects/CSCE606-leetplanner-2.0/app/mailers/weekly_report_mailer.rb": {
        "lines": [
          null,
          null,
          1,
          null,
          null,
          null,
          1,
          null,
          4,
          4,
          null,
          null,
          4,
          null,
          null,
          null,
          null,
          null
        ]
      },
      "/home/hp/.rbenv/projects/CSCE606-leetplanner-2.0/app/mailers/application_mailer.rb": {
        "lines": [
          null,
          null,
          1,
          null,
          1,
          null,
          null,
          1,
          null
        ]
      },
      "/home/hp/.rbenv/projects/CSCE606-leetplanner-2.0/app/models/user.rb": {
        "lines": [
          null,
          null,
          1,
          null,
          1,
          1,
          1,
          1,
          null,
          null,
          1,
          1,
          null,
          null,
          1,
          1,
          null,
          null,
          1,
          1,
          null,
          null,
          4,
          1,
          null,
          null,
          1,
          5,
          null,
          null
        ]
      },
      "/home/hp/.rbenv/projects/CSCE606-leetplanner-2.0/app/models/application_record.rb": {
        "lines": [
          null,
          null,
          null,
          1,
          1,
          null
        ]
      },
      "/home/hp/.rbenv/projects/CSCE606-leetplanner-2.0/app/services/google_calendar_sync.rb": {
        "lines": [
          null,
          null,
          1,
          null,
          null,
          1,
          38,
          38,
          null,
          null,
          null,
          null,
          null,
          null,
          1,
          1,
          null,
          null,
          null,
          null,
          null,
          1,
          28,
          null,
          null,
          28,
          28,
          null,
          null,
          26,
          2,
          null,
          null,
          null,
          24,
          24,
          null,
          null,
          24,
          24,
          null,
          null,
          null,
          24,
          null,
          null,
          null,
          null,
          null,
          null,
          null,
          null,
          21,
          null,
          null,
          21,
          null,
          null,
          null,
          null,
          null,
          null,
          null,
          null,
          3,
          3,
          null,
          null,
          0,
          0,
          null,
          null,
          null,
          1,
          null,
          null,
          null,
          1,
          30,
          null,
          27,
          null,
          null,
          null,
          null,
          null,
          null,
          null,
          null,
          null,
          null,
          null,
          null,
          1,
          26,
          null,
          null,
          null,
          5,
          null,
          null,
          3,
          3,
          3,
          3,
          null,
          null,
          2,
          2,
          null,
          null,
          null,
          null,
          null,
          null,
          1,
          21,
          21,
          21,
          null,
          null,
          21,
          null,
          null,
          21,
          78,
          null,
          null,
          59,
          null,
          null,
          40,
          40,
          null,
          33,
          null,
          4,
          null,
          3,
          null,
          null,
          null,
          null,
          21,
          null,
          21,
          null,
          null,
          null,
          null,
          null,
          1,
          40,
          40,
          40,
          null,
          null,
          40,
          null,
          null,
          null,
          null,
          null,
          37,
          37,
          null,
          null,
          37,
          null,
          null,
          null,
          null,
          null,
          37,
          null,
          37,
          null,
          null,
          null,
          null,
          null,
          null,
          37,
          null,
          null,
          37,
          null,
          0,
          null,
          null,
          null,
          null,
          3,
          3,
          null,
          null,
          null,
          null,
          null,
          null,
          1,
          null,
          43,
          43,
          null,
          null,
          43,
          43,
          null,
          null,
          43,
          null,
          43,
          null,
          null,
          null,
          null,
          null,
          null,
          1,
          40,
          40,
          2,
          null,
          38,
          null,
          null,
          null,
          null,
          null,
          null,
          1,
          null,
          21,
          null,
          null,
          null,
          null,
          null,
          21,
          21,
          null,
          null
        ]
      },
      "/home/hp/.rbenv/projects/CSCE606-leetplanner-2.0/app/services/leetcode/fetch_stats.rb": {
        "lines": [
          null,
          null,
          null,
          1,
          null,
          null,
          1,
          null,
          1,
          null,
          null,
          null,
          null,
          1,
          3,
          1,
          1,
          null,
          null,
          null,
          null,
          null,
          1,
          1,
          null,
          null,
          1,
          1,
          null,
          1,
          null,
          null,
          null,
          null,
          null,
          1,
          1,
          null,
          null,
          null,
          null,
          null,
          null,
          1,
          1,
          null,
          null,
          null,
          null,
          null,
          1,
          1,
          null,
          null,
          null,
          null,
          null,
          1,
          1,
          null,
          null,
          null,
          null,
          null,
          1,
          1,
          null,
          null,
          1,
          null,
          null,
          null,
          null,
          null,
          1,
          null,
          9,
          null,
          9,
          null,
          null,
          9,
          9,
          null,
          null,
          null,
          8,
          null,
          null,
          7,
          null,
          null,
          null,
          0,
          0,
          null,
          null,
          2,
          2,
          null,
          null,
          null
        ]
      },
      "/home/hp/.rbenv/projects/CSCE606-leetplanner-2.0/app/services/reports/weekly_stats.rb": {
        "lines": [
          null,
          1,
          null,
          null,
          1,
          null,
          1,
          null,
          null,
          null,
          null,
          1,
          12,
          12,
          12,
          null,
          null,
          null,
          null,
          1,
          null,
          12,
          null,
          null,
          null,
          null,
          null,
          null,
          1,
          null,
          null,
          null,
          1,
          48,
          null,
          null,
          null,
          null,
          null,
          null,
          null,
          1,
          36,
          null,
          null,
          null,
          null,
          1,
          12,
          null,
          null,
          null,
          null,
          1,
          12,
          null,
          null,
          null,
          null,
          1,
          null,
          26,
          null,
          12,
          null,
          null,
          10,
          10,
          null,
          null,
          10,
          4,
          2,
          2,
          null,
          2,
          null,
          null,
          null,
          10,
          null,
          null,
          null,
          null,
          1,
          12,
          null,
          null,
          12,
          1,
          null,
          null,
          null,
          12,
          null,
          14,
          null,
          12,
          10,
          null,
          null,
          null,
          12,
          null,
          null,
          null
        ]
      },
      "/home/hp/.rbenv/projects/CSCE606-leetplanner-2.0/app/models/leet_code_session.rb": {
        "lines": [
          null,
          null,
          1,
          null,
          1,
          null,
          null,
          1,
          1,
          1,
          null,
          null,
          1,
          1,
          null
        ]
      },
      "/home/hp/.rbenv/projects/CSCE606-leetplanner-2.0/app/models/leet_code_problem.rb": {
        "lines": [
          null,
          null,
          1,
          null,
          1,
          null,
          null,
          1,
          1,
          null,
          null,
          1,
          1,
          null,
          null,
          1,
          589,
          null,
          null
        ]
      },
      "/home/hp/.rbenv/projects/CSCE606-leetplanner-2.0/app/models/leet_code_session_problem.rb": {
        "lines": [
          null,
          null,
          1,
          null,
          1,
          1,
          null,
          null,
          1,
          1,
          null
        ]
      },
      "/home/hp/.rbenv/projects/CSCE606-leetplanner-2.0/app/controllers/login_controller.rb": {
        "lines": [
          null,
          null,
          0,
          null,
          0,
          null,
          null,
          null,
          0,
          0,
          null,
          0,
          0,
          null,
          0,
          0,
          0,
          0
        ],
        "branches": {}
      },
      "/home/hp/.rbenv/projects/CSCE606-leetplanner-2.0/app/controllers/test_helpers_controller.rb": {
        "lines": [
          0,
          null,
          null,
          null,
          null,
          0,
          null,
          null,
          0,
          null,
          0,
          0,
          0,
          0,
          null,
          null,
          null,
          0,
          0,
          0,
          0,
          0,
          null,
          null,
          0,
          0,
          0,
          0,
          null,
          null,
          0,
          0,
          0,
          0,
          0,
          0,
          0,
          0,
          0,
          null,
          null,
          null,
          0,
          0,
          0,
          null,
          0,
          0,
          0,
          0,
          0,
          0,
          null,
          null,
          0,
          0,
          0,
          null,
          0,
          0,
          0
        ],
        "branches": {}
      }
    },
    "timestamp": 1761690832
  },
  "Cucumber Features": {
    "coverage": {
      "/home/hp/.rbenv/projects/CSCE606-leetplanner-2.0/app/controllers/login_controller.rb": {
        "lines": [
          null,
          null,
          1,
          null,
          1,
          null,
          null,
          null,
          1,
          8,
          null,
          0,
          null,
          null,
          8,
          null,
          null,
          null
        ]
      },
      "/home/hp/.rbenv/projects/CSCE606-leetplanner-2.0/app/controllers/application_controller.rb": {
        "lines": [
          null,
          null,
          1,
          null,
          1,
          null,
          null,
          1,
          null,
          null,
          1,
          null,
          1,
          null,
          null,
          null,
          1,
          143,
          2,
          null,
          1,
          null,
          null,
          1,
          1,
          null,
          null,
          null,
          null,
          null,
          null,
          1,
          492,
          null,
          null,
          null,
          1,
          null,
          null,
          1,
          34,
          null,
          null,
          null,
          1,
          null
        ]
      },
      "/home/hp/.rbenv/projects/CSCE606-leetplanner-2.0/app/helpers/application_helper.rb": {
        "lines": [
          null,
          null,
          1,
          null,
          null,
          null
        ]
      },
      "/home/hp/.rbenv/projects/CSCE606-leetplanner-2.0/app/helpers/calendar_helper.rb": {
        "lines": [
          null,
          null,
          1,
          null,
          null,
          null
        ]
      },
      "/home/hp/.rbenv/projects/CSCE606-leetplanner-2.0/app/helpers/dashboard_helper.rb": {
        "lines": [
          null,
          null,
          1,
          null,
          null,
          null
        ]
      },
      "/home/hp/.rbenv/projects/CSCE606-leetplanner-2.0/app/helpers/home_helper.rb": {
        "lines": [
          null,
          null,
          1,
          null,
          null,
          null
        ]
      },
      "/home/hp/.rbenv/projects/CSCE606-leetplanner-2.0/app/helpers/leet_code_problems_helper.rb": {
        "lines": [
          null,
          null,
          1,
          null,
          null,
          null
        ]
      },
      "/home/hp/.rbenv/projects/CSCE606-leetplanner-2.0/app/helpers/leet_code_session_problems_helper.rb": {
        "lines": [
          null,
          null,
          1,
          null,
          null,
          null
        ]
      },
      "/home/hp/.rbenv/projects/CSCE606-leetplanner-2.0/app/helpers/leet_code_sessions_helper.rb": {
        "lines": [
          null,
          null,
          1,
          null,
          null,
          null
        ]
      },
      "/home/hp/.rbenv/projects/CSCE606-leetplanner-2.0/app/helpers/login_helper.rb": {
        "lines": [
          null,
          null,
          1,
          null,
          null,
          null
        ]
      },
      "/home/hp/.rbenv/projects/CSCE606-leetplanner-2.0/app/helpers/sessions_helper.rb": {
        "lines": [
          null,
          null,
          1,
          null,
          null,
          null
        ]
      },
      "/home/hp/.rbenv/projects/CSCE606-leetplanner-2.0/app/helpers/users_helper.rb": {
        "lines": [
          null,
          null,
          1,
          null,
          null,
          null
        ]
      },
      "/home/hp/.rbenv/projects/CSCE606-leetplanner-2.0/app/controllers/sessions_controller.rb": {
        "lines": [
          null,
          null,
          1,
          null,
          1,
          null,
          1,
          null,
          null,
          null,
          1,
          0,
          null,
          null,
          null,
          null,
          1,
          null,
          33,
          33,
          null,
          null,
          33,
          33,
          null,
          33,
          33,
          33,
          null,
          null,
          33,
          33,
          33,
          2,
          null,
          null,
          null,
          31,
          null,
          null,
          31,
          31,
          31,
          31,
          31,
          31,
          null,
          null,
          31,
          null,
          null,
          31,
          31,
          null,
          null,
          null,
          31,
          28,
          null,
          null,
          31,
          null,
          null,
          31,
          31,
          31,
          31,
          31,
          31,
          null,
          null,
          31,
          31,
          null,
          null,
          31,
          null,
          null,
          null,
          0,
          0,
          null,
          null,
          null,
          null,
          1,
          0,
          null,
          null,
          null,
          null,
          1,
          null,
          2,
          null,
          null,
          null,
          null,
          null,
          null,
          2,
          null,
          null,
          2,
          4,
          2,
          null,
          null,
          null
        ]
      },
      "/home/hp/.rbenv/projects/CSCE606-leetplanner-2.0/app/controllers/concerns/google_calendar_auto_sync.rb": {
        "lines": [
          null,
          null,
          null,
          1,
          1,
          null,
          null,
          1,
          null,
          null,
          1,
          null,
          null,
          1,
          null,
          null,
          null,
          1,
          null,
          31,
          31,
          null,
          null,
          null,
          31,
          null,
          null,
          31,
          null,
          null,
          null,
          null,
          1,
          31,
          31,
          null,
          null,
          0,
          null,
          null,
          null,
          null,
          1,
          null,
          31,
          null,
          null,
          null,
          null,
          null
        ]
      },
      "/home/hp/.rbenv/projects/CSCE606-leetplanner-2.0/app/models/user.rb": {
        "lines": [
          null,
          null,
          1,
          null,
          1,
          1,
          1,
          1,
          null,
          null,
          1,
          1,
          null,
          null,
          1,
          1,
          null,
          null,
          1,
          1,
          null,
          null,
          1,
          1,
          null,
          null,
          1,
          15,
          null,
          null
        ]
      },
      "/home/hp/.rbenv/projects/CSCE606-leetplanner-2.0/app/models/application_record.rb": {
        "lines": [
          null,
          null,
          null,
          1,
          1,
          null
        ]
      },
      "/home/hp/.rbenv/projects/CSCE606-leetplanner-2.0/app/controllers/dashboard_controller.rb": {
        "lines": [
          null,
          null,
          1,
          null,
          1,
          1,
          1,
          null,
          null,
          null,
          1,
          null,
          67,
          67,
          67,
          67,
          67,
          null,
          null,
          67,
          null,
          null,
          null,
          40,
          40,
          null,
          null,
          null,
          null,
          null,
          null,
          null,
          null,
          null,
          40,
          null,
          40,
          null,
          null,
          null,
          null,
          40,
          40,
          null,
          null,
          null,
          7,
          null,
          3,
          1,
          null,
          null,
          3,
          1,
          null,
          null,
          3,
          null,
          null,
          null,
          7,
          2,
          null,
          null,
          2,
          null,
          1,
          1,
          null,
          1,
          null,
          null,
          null,
          2,
          2,
          2,
          2,
          null,
          null,
          2,
          2,
          2,
          null,
          2,
          2,
          null,
          5,
          null,
          2,
          null,
          2,
          null,
          1,
          1,
          null,
          null,
          1,
          1,
          1,
          1,
          1,
          null,
          null,
          null,
          33,
          33,
          null,
          null,
          0,
          null,
          null,
          null,
          null,
          null,
          1,
          2,
          2,
          null,
          1,
          null,
          null,
          2,
          null,
          null
        ]
      },
      "/home/hp/.rbenv/projects/CSCE606-leetplanner-2.0/app/controllers/api/calendar_controller.rb": {
        "lines": [
          null,
          1,
          1,
          null,
          null,
          1,
          null,
          null,
          1,
          null,
          1,
          null,
          null,
          null,
          1,
          null,
          0,
          0,
          0,
          null,
          null,
          null,
          0,
          null,
          null,
          0,
          0,
          0,
          null,
          null,
          null,
          0,
          null,
          null,
          null,
          null,
          null,
          null,
          null,
          null,
          null,
          0,
          null,
          0,
          null,
          null,
          null,
          null,
          null,
          null,
          null,
          null,
          null,
          0,
          null,
          null,
          0,
          0,
          null,
          null,
          0,
          0,
          null,
          null,
          null,
          null,
          null,
          1,
          null,
          6,
          null,
          null,
          6,
          null,
          null,
          6,
          null,
          null,
          6,
          6,
          6,
          6,
          6,
          null,
          null,
          6,
          null,
          2,
          null,
          null,
          null,
          2,
          null,
          null,
          null,
          null,
          null,
          4,
          4,
          null,
          null,
          null,
          null,
          null,
          4,
          4,
          2,
          null,
          2,
          null,
          4,
          null,
          null,
          null,
          null,
          null,
          null,
          6,
          null,
          null,
          null,
          null,
          null,
          null,
          null,
          null,
          null,
          6,
          null,
          null,
          null,
          6,
          2,
          null,
          4,
          null,
          null,
          6,
          2,
          null,
          4,
          null,
          null,
          null,
          6,
          null,
          null,
          6,
          null,
          null,
          null,
          null,
          null,
          null,
          6,
          4,
          null,
          2,
          null,
          null,
          null,
          null,
          null,
          6,
          12,
          6,
          null,
          null,
          null,
          0,
          0,
          0,
          0,
          0,
          null,
          null,
          null,
          null,
          null,
          null,
          1,
          null,
          1,
          null,
          null,
          1,
          null,
          null,
          1,
          null,
          null,
          1,
          null,
          null,
          1,
          null,
          null,
          1,
          1,
          1,
          null,
          null,
          1,
          1,
          null,
          1,
          null,
          0,
          0,
          null,
          null,
          0,
          null,
          null,
          null,
          null,
          1,
          1,
          0,
          0,
          null,
          0,
          null,
          null,
          null,
          1,
          null,
          null,
          null,
          null,
          null,
          1,
          1,
          1,
          null,
          null,
          null,
          null,
          0,
          0,
          null,
          null,
          null,
          null,
          null,
          null,
          null,
          1,
          null,
          null,
          1,
          2,
          1,
          null,
          null,
          null,
          0,
          0,
          0,
          0,
          null,
          null,
          null,
          null,
          null,
          1,
          null,
          1,
          null,
          null,
          1,
          null,
          null,
          1,
          2,
          null,
          null,
          null,
          0,
          0,
          0,
          null,
          null,
          null,
          1,
          null,
          null,
          1,
          null,
          8,
          8,
          null,
          null,
          1,
          1,
          2,
          1,
          null,
          null,
          null,
          null,
          null,
          1,
          null,
          0,
          0,
          0,
          null,
          null,
          null,
          0,
          null,
          null,
          null,
          null,
          null,
          null,
          null,
          null,
          null,
          0,
          0,
          0,
          0,
          0,
          0,
          0,
          null,
          null,
          null,
          0,
          0,
          0,
          null,
          null,
          null,
          0,
          0,
          0,
          0,
          null,
          null,
          null,
          0,
          0,
          null,
          null,
          0,
          0,
          0,
          null,
          null,
          null,
          null,
          1,
          0,
          null,
          null,
          0,
          0,
          0,
          null,
          null,
          null,
          0,
          0,
          null,
          null,
          null,
          null,
          null,
          null,
          1,
          null,
          0,
          null,
          null,
          null,
          null,
          null,
          null,
          null,
          null,
          null
        ]
      },
      "/home/hp/.rbenv/projects/CSCE606-leetplanner-2.0/app/controllers/calendar_controller.rb": {
        "lines": [
          null,
          1,
          1,
          null,
          null,
          null,
          1,
          null,
          1,
          null,
          null,
          null,
          1,
          23,
          23,
          null,
          null,
          null,
          23,
          null,
          0,
          null,
          null,
          null,
          23,
          23,
          null,
          null,
          null,
          23,
          null,
          null,
          15,
          null,
          7,
          null,
          7,
          null,
          1,
          1,
          null,
          null,
          6,
          6,
          null,
          null,
          null,
          null,
          7,
          null,
          null,
          null,
          null,
          null,
          null,
          null,
          null,
          8,
          8,
          8,
          null,
          null,
          null,
          null,
          null,
          1,
          null,
          0,
          null,
          0,
          null,
          0,
          null,
          null,
          null,
          0,
          null,
          null,
          0,
          null,
          null,
          null,
          0,
          null,
          null,
          null,
          null,
          1,
          8,
          null,
          null,
          null,
          null,
          1,
          null,
          1,
          null,
          null,
          null,
          1,
          1,
          null,
          null,
          1,
          0,
          null,
          1,
          null,
          null,
          null,
          1,
          0,
          null,
          1,
          null,
          null,
          null,
          null,
          1,
          null,
          null,
          null,
          null,
          null,
          null,
          null,
          null,
          null,
          0,
          0,
          null,
          null,
          null,
          1,
          null,
          null,
          null,
          1,
          null,
          8,
          0,
          0,
          null,
          null,
          null,
          8,
          null,
          0,
          null,
          null,
          null,
          null,
          null,
          null,
          null,
          null,
          0,
          null,
          null,
          0,
          null,
          null,
          null,
          null,
          null,
          null,
          null,
          0,
          0,
          0,
          0,
          null,
          null,
          null,
          null,
          8,
          null,
          null,
          null,
          null,
          null,
          null,
          null,
          8,
          8,
          8,
          null,
          null,
          null,
          null,
          1,
          2,
          2,
          null,
          null
        ]
      },
      "/home/hp/.rbenv/projects/CSCE606-leetplanner-2.0/app/models/leet_code_session.rb": {
        "lines": [
          null,
          null,
          1,
          null,
          1,
          null,
          null,
          1,
          1,
          1,
          null,
          null,
          1,
          1,
          null
        ]
      },
      "/home/hp/.rbenv/projects/CSCE606-leetplanner-2.0/app/controllers/test_helpers_controller.rb": {
        "lines": [
          1,
          null,
          null,
          null,
          null,
          1,
          null,
          null,
          1,
          null,
          1,
          1,
          1,
          null,
          null,
          null,
          null,
          1,
          1,
          1,
          1,
          null,
          null,
          null,
          1,
          1,
          1,
          null,
          null,
          null,
          1,
          0,
          0,
          0,
          null,
          0,
          null,
          0,
          null,
          null,
          null,
          null,
          1,
          21,
          21,
          null,
          21,
          21,
          21,
          21,
          21,
          21,
          null,
          null,
          21,
          21,
          21,
          null,
          21,
          null,
          null
        ]
      },
      "/home/hp/.rbenv/projects/CSCE606-leetplanner-2.0/app/models/leet_code_problem.rb": {
        "lines": [
          null,
          null,
          1,
          null,
          1,
          null,
          null,
          1,
          1,
          null,
          null,
          1,
          1,
          null,
          null,
          1,
          71,
          null,
          null
        ]
      },
      "/home/hp/.rbenv/projects/CSCE606-leetplanner-2.0/app/controllers/leet_code_problems_controller.rb": {
        "lines": [
          null,
          null,
          1,
          null,
          null,
          1,
          null,
          null,
          null,
          10,
          35,
          null,
          null,
          null,
          null,
          null,
          10,
          null,
          null,
          10,
          2,
          null,
          null,
          null,
          10,
          null,
          3,
          3,
          null,
          null,
          3,
          4,
          null,
          null,
          null,
          null,
          10,
          null,
          null,
          null,
          0,
          0,
          0,
          0,
          null,
          null,
          null
        ]
      },
      "/home/hp/.rbenv/projects/CSCE606-leetplanner-2.0/app/controllers/statistics_controller.rb": {
        "lines": [
          null,
          null,
          null,
          null,
          1,
          null,
          1,
          null,
          null,
          null,
          1,
          null,
          10,
          null,
          null,
          null,
          null,
          10,
          null,
          null,
          null,
          null,
          null,
          null,
          null,
          10,
          null,
          null,
          null,
          null
        ]
      },
      "/home/hp/.rbenv/projects/CSCE606-leetplanner-2.0/app/services/reports/weekly_stats.rb": {
        "lines": [
          null,
          1,
          null,
          null,
          1,
          null,
          1,
          null,
          null,
          null,
          null,
          1,
          10,
          10,
          10,
          null,
          null,
          null,
          null,
          1,
          null,
          10,
          null,
          null,
          null,
          null,
          null,
          null,
          1,
          null,
          null,
          null,
          1,
          34,
          null,
          null,
          null,
          null,
          null,
          null,
          null,
          1,
          26,
          null,
          null,
          null,
          null,
          1,
          8,
          null,
          null,
          null,
          null,
          1,
          8,
          null,
          null,
          null,
          null,
          1,
          null,
          16,
          null,
          9,
          null,
          null,
          4,
          4,
          null,
          null,
          4,
          2,
          1,
          1,
          null,
          1,
          null,
          null,
          null,
          4,
          null,
          null,
          null,
          null,
          1,
          9,
          null,
          null,
          9,
          1,
          null,
          null,
          null,
          9,
          null,
          7,
          null,
          9,
          4,
          null,
          null,
          null,
          9,
          null,
          null,
          null
        ]
      },
      "/home/hp/.rbenv/projects/CSCE606-leetplanner-2.0/app/models/leet_code_session_problem.rb": {
        "lines": [
          null,
          null,
          1,
          null,
          1,
          1,
          null,
          null,
          1,
          1,
          null
        ]
      },
      "/home/hp/.rbenv/projects/CSCE606-leetplanner-2.0/app/controllers/users_controller.rb": {
        "lines": [
          null,
          null,
          1,
          null,
          1,
          null,
          null,
          1,
          null,
          null,
          null,
          1,
          null,
          null,
          null,
          null,
          null,
          1,
          9,
          null,
          2,
          1,
          null,
          null,
          null,
          1,
          null,
          1,
          1,
          1,
          null,
          null,
          null,
          null,
          null,
          null,
          null,
          1,
          1,
          1,
          null,
          1,
          2,
          null,
          null,
          0,
          0,
          null,
          null,
          null,
          null,
          1,
          null,
          null,
          1,
          1,
          null,
          null,
          null,
          null,
          1,
          3,
          null,
          null
        ]
      },
      "/home/hp/.rbenv/projects/CSCE606-leetplanner-2.0/app/controllers/api/users_controller.rb": {
        "lines": [
          1,
          1,
          1,
          1,
          1,
          null,
          null,
          null,
          null,
          null,
          null,
          null,
          null,
          0,
          null,
          null,
          null,
          null
        ]
      },
      "/home/hp/.rbenv/projects/CSCE606-leetplanner-2.0/app/controllers/leet_code_sessions_controller.rb": {
        "lines": [
          null,
          0,
          null,
          null,
          null,
          0,
          null,
          0,
          null,
          null,
          null,
          0,
          null,
          0,
          0,
          null,
          null,
          0,
          0,
          0,
          0,
          0,
          null,
          null,
          0,
          null,
          null,
          0,
          0,
          null,
          0,
          null,
          0,
          0,
          0,
          null,
          0,
          0,
          0,
          null,
          0,
          null,
          null,
          0,
          null,
          0,
          0,
          null,
          0,
          0,
          null,
          0,
          null,
          0,
          null,
          null,
          0,
          0,
          0,
          0,
          0,
          null,
          null,
          0,
          0,
          0,
          null,
          0,
          null,
          0,
          0,
          null,
          0,
          0,
          0,
          null,
          null,
          null,
          0,
          null,
          0,
          null,
          null,
          0,
          0,
          null,
          null,
          0,
          0,
          0,
          0,
          0,
          0,
          0,
          null,
          null,
          0,
          0,
          0,
          null,
          0,
          0,
          0,
          0,
          0,
          null,
          0,
          0,
          0,
          0,
          null,
          null,
          0,
          0,
          0,
          0
        ],
        "branches": {}
      },
      "/home/hp/.rbenv/projects/CSCE606-leetplanner-2.0/app/services/google_calendar_sync.rb": {
        "lines": [
          null,
          null,
          0,
          null,
          null,
          0,
          0,
          0,
          0,
          null,
          null,
          null,
          null,
          null,
          0,
          0,
          0,
          null,
          null,
          null,
          null,
          0,
          0,
          null,
          null,
          0,
          0,
          null,
          null,
          0,
          0,
          0,
          null,
          null,
          0,
          0,
          null,
          null,
          0,
          0,
          null,
          0,
          null,
          0,
          0,
          0,
          0,
          0,
          0,
          0,
          null,
          null,
          0,
          null,
          null,
          0,
          0,
          0,
          0,
          0,
          0,
          0,
          0,
          null,
          0,
          0,
          0,
          null,
          0,
          0,
          0,
          0,
          null,
          0,
          null,
          null,
          null,
          0,
          0,
          null,
          0,
          0,
          0,
          0,
          0,
          0,
          0,
          0,
          0,
          null,
          null,
          null,
          null,
          0,
          0,
          null,
          0,
          null,
          0,
          null,
          null,
          0,
          0,
          0,
          0,
          0,
          null,
          0,
          0,
          0,
          0,
          null,
          null,
          null,
          null,
          0,
          0,
          0,
          0,
          null,
          null,
          0,
          null,
          null,
          0,
          0,
          null,
          null,
          0,
          null,
          null,
          0,
          0,
          0,
          0,
          0,
          0,
          0,
          0,
          0,
          0,
          null,
          null,
          0,
          null,
          0,
          0,
          null,
          null,
          null,
          null,
          0,
          0,
          0,
          0,
          null,
          null,
          0,
          0,
          0,
          0,
          null,
          null,
          0,
          0,
          null,
          null,
          0,
          0,
          0,
          0,
          0,
          null,
          0,
          null,
          0,
          0,
          0,
          0,
          0,
          0,
          0,
          0,
          null,
          null,
          0,
          0,
          0,
          0,
          null,
          0,
          null,
          0,
          0,
          0,
          null,
          null,
          null,
          null,
          null,
          0,
          null,
          0,
          0,
          null,
          null,
          0,
          0,
          null,
          null,
          0,
          null,
          0,
          0,
          null,
          null,
          null,
          null,
          null,
          0,
          0,
          0,
          0,
          0,
          0,
          0,
          0,
          null,
          null,
          null,
          null,
          0,
          null,
          0,
          0,
          0,
          0,
          null,
          null,
          0,
          0,
          0,
          0
        ],
        "branches": {}
      },
      "/home/hp/.rbenv/projects/CSCE606-leetplanner-2.0/app/services/leetcode/fetch_stats.rb": {
        "lines": [
          null,
          null,
          null,
          0,
          null,
          null,
          0,
          null,
          0,
          null,
          null,
          null,
          null,
          0,
          0,
          0,
          0,
          0,
          null,
          null,
          null,
          null,
          0,
          0,
          null,
          null,
          0,
          0,
          0,
          0,
          0,
          null,
          null,
          null,
          null,
          0,
          0,
          0,
          null,
          null,
          null,
          null,
          null,
          0,
          0,
          0,
          null,
          null,
          null,
          null,
          0,
          0,
          0,
          null,
          null,
          null,
          null,
          0,
          0,
          0,
          null,
          null,
          null,
          null,
          0,
          0,
          0,
          null,
          0,
          null,
          null,
          null,
          null,
          null,
          0,
          null,
          0,
          null,
          0,
          null,
          null,
          0,
          0,
          0,
          null,
          null,
          0,
          null,
          null,
          0,
          0,
          0,
          null,
          0,
          0,
          0,
          null,
          0,
          0,
          0,
          0,
          0
        ],
        "branches": {}
      }
    },
    "timestamp": 1761694024
  }
}
